{"level":"info","message":"Hello from acquisition!","service":"acquisitions-api"}
{"level":"info","message":"::ffff:127.0.0.1 - - [21/Sep/2025:02:19:14 +0000] \"GET / HTTP/1.1\" 200 24 \"-\" \"Mozilla/5.0 (X11; Linux x86_64; rv:139.0) Gecko/20100101 Firefox/139.0\"","service":"acquisitions-api"}
{"level":"info","message":"::ffff:127.0.0.1 - - [21/Sep/2025:02:19:14 +0000] \"GET /favicon.ico HTTP/1.1\" 404 150 \"-\" \"Mozilla/5.0 (X11; Linux x86_64; rv:139.0) Gecko/20100101 Firefox/139.0\"","service":"acquisitions-api"}
{"level":"info","message":"::ffff:127.0.0.1 - - [21/Sep/2025:02:36:36 +0000] \"GET /api HTTP/1.1\" 200 39 \"-\" \"Mozilla/5.0 (X11; Linux x86_64; rv:139.0) Gecko/20100101 Firefox/139.0\"","service":"acquisitions-api"}
{"level":"info","message":"::ffff:127.0.0.1 - - [21/Sep/2025:02:36:36 +0000] \"GET /favicon.ico HTTP/1.1\" 404 150 \"-\" \"Mozilla/5.0 (X11; Linux x86_64; rv:139.0) Gecko/20100101 Firefox/139.0\"","service":"acquisitions-api"}
{"level":"info","message":"::1 - - [21/Sep/2025:02:36:47 +0000] \"GET /api HTTP/1.1\" 200 39 \"-\" \"yaak\"","service":"acquisitions-api"}
{"level":"info","message":"::1 - - [21/Sep/2025:02:37:04 +0000] \"GET /api HTTP/1.1\" 200 39 \"-\" \"yaak\"","service":"acquisitions-api"}
{"level":"info","message":"::1 - - [21/Sep/2025:02:37:25 +0000] \"GET /health HTTP/1.1\" 200 77 \"-\" \"yaak\"","service":"acquisitions-api"}
{"level":"info","message":"::1 - - [21/Sep/2025:02:37:37 +0000] \"GET /api/auth/sign-in HTTP/1.1\" 404 155 \"-\" \"yaak\"","service":"acquisitions-api"}
{"level":"info","message":"::1 - - [21/Sep/2025:02:37:59 +0000] \"POST /api/auth/sign-in HTTP/1.1\" 200 31 \"-\" \"yaak\"","service":"acquisitions-api"}
{"level":"info","message":"::1 - - [21/Sep/2025:03:02:49 +0000] \"POST /api/auth/sign-up HTTP/1.1\" 200 31 \"-\" \"yaak\"","service":"acquisitions-api"}
{"level":"info","message":"::1 - - [21/Sep/2025:03:03:40 +0000] \"POST /api/auth/sign-up HTTP/1.1\" 400 92 \"-\" \"yaak\"","service":"acquisitions-api"}
{"level":"info","message":"::1 - - [21/Sep/2025:03:05:58 +0000] \"POST /api/auth/sign-up HTTP/1.1\" 400 92 \"-\" \"yaak\"","service":"acquisitions-api"}
{"level":"info","message":"::1 - - [21/Sep/2025:03:06:28 +0000] \"POST /api/auth/sign-up HTTP/1.1\" 400 92 \"-\" \"yaak\"","service":"acquisitions-api"}
{"level":"info","message":"::1 - - [21/Sep/2025:03:07:58 +0000] \"POST /api/auth/sign-up HTTP/1.1\" 400 144 \"-\" \"yaak\"","service":"acquisitions-api"}
{"level":"info","message":"::1 - - [21/Sep/2025:03:08:37 +0000] \"POST /api/auth/sign-up HTTP/1.1\" 400 89 \"-\" \"yaak\"","service":"acquisitions-api"}
{"level":"info","message":"User registered successfully: contact@me.com","service":"acquisitions-api"}
{"level":"info","message":"::1 - - [21/Sep/2025:03:08:43 +0000] \"POST /api/auth/sign-up HTTP/1.1\" 201 99 \"-\" \"yaak\"","service":"acquisitions-api"}
{"level":"error","message":"Error hashing the password Error: data and salt arguments required","service":"acquisitions-api"}
{"level":"error","message":"Error creating the user: Error: Error hashing","service":"acquisitions-api"}
{"level":"error","message":"Signup error Error hashing","service":"acquisitions-api","stack":"Error: Error hashing\n    at hashPassword (file:///home/dev/workspace/devop-learning/acquisitions/src/services/auth.service.js:12:15)\n    at process.processTicksAndRejections (node:internal/process/task_queues:105:5)\n    at async Object.createUser (file:///home/dev/workspace/devop-learning/acquisitions/src/services/auth.service.js:26:31)\n    at async signup (file:///home/dev/workspace/devop-learning/acquisitions/src/controllers/auth.controller.js:22:22)"}
{"level":"warn","message":"Given data: undefined, undefined","service":"acquisitions-api"}
{"level":"error","message":"Error hashing the password Error: data and salt arguments required","service":"acquisitions-api"}
{"level":"error","message":"Error creating the user: Error: Error hashing","service":"acquisitions-api"}
{"level":"error","message":"Signup error Error hashing","service":"acquisitions-api","stack":"Error: Error hashing\n    at hashPassword (file:///home/dev/workspace/devop-learning/acquisitions/src/services/auth.service.js:12:15)\n    at process.processTicksAndRejections (node:internal/process/task_queues:105:5)\n    at async Object.createUser (file:///home/dev/workspace/devop-learning/acquisitions/src/services/auth.service.js:26:31)\n    at async signup (file:///home/dev/workspace/devop-learning/acquisitions/src/controllers/auth.controller.js:22:22)"}
{"level":"warn","message":"Given data: undefined, undefined","service":"acquisitions-api"}
{"level":"error","message":"Error hashing the password Error: data and salt arguments required","service":"acquisitions-api"}
{"level":"error","message":"Error creating the user: Error: Error hashing","service":"acquisitions-api"}
{"level":"error","message":"Signup error Error hashing","service":"acquisitions-api","stack":"Error: Error hashing\n    at hashPassword (file:///home/dev/workspace/devop-learning/acquisitions/src/services/auth.service.js:12:15)\n    at process.processTicksAndRejections (node:internal/process/task_queues:105:5)\n    at async Object.createUser (file:///home/dev/workspace/devop-learning/acquisitions/src/services/auth.service.js:26:31)\n    at async signup (file:///home/dev/workspace/devop-learning/acquisitions/src/controllers/auth.controller.js:24:22)"}
{"level":"warn","message":"Given data: undefined, undefined","service":"acquisitions-api"}
{"level":"error","message":"Error hashing the password Error: data and salt arguments required","service":"acquisitions-api"}
{"level":"error","message":"Error creating the user: Error: Error hashing","service":"acquisitions-api"}
{"level":"error","message":"Signup error Error hashing","service":"acquisitions-api","stack":"Error: Error hashing\n    at hashPassword (file:///home/dev/workspace/devop-learning/acquisitions/src/services/auth.service.js:12:15)\n    at process.processTicksAndRejections (node:internal/process/task_queues:105:5)\n    at async Object.createUser (file:///home/dev/workspace/devop-learning/acquisitions/src/services/auth.service.js:26:31)\n    at async signup (file:///home/dev/workspace/devop-learning/acquisitions/src/controllers/auth.controller.js:25:22)"}
{"level":"warn","message":"Given data: undefined, undefined","service":"acquisitions-api"}
{"level":"error","message":"Error hashing the password Error: data and salt arguments required","service":"acquisitions-api"}
{"level":"error","message":"Error creating the user: Error: Error hashing","service":"acquisitions-api"}
{"level":"error","message":"Signup error Error hashing","service":"acquisitions-api","stack":"Error: Error hashing\n    at hashPassword (file:///home/dev/workspace/devop-learning/acquisitions/src/services/auth.service.js:12:15)\n    at process.processTicksAndRejections (node:internal/process/task_queues:105:5)\n    at async Object.createUser (file:///home/dev/workspace/devop-learning/acquisitions/src/services/auth.service.js:27:31)\n    at async signup (file:///home/dev/workspace/devop-learning/acquisitions/src/controllers/auth.controller.js:25:22)"}
{"level":"error","message":"Error hashing the password Error: data and salt arguments required","service":"acquisitions-api"}
{"level":"error","message":"Error creating the user: Error: Error hashing","service":"acquisitions-api"}
{"level":"error","message":"Signup error Error hashing","service":"acquisitions-api","stack":"Error: Error hashing\n    at hashPassword (file:///home/dev/workspace/devop-learning/acquisitions/src/services/auth.service.js:12:15)\n    at process.processTicksAndRejections (node:internal/process/task_queues:105:5)\n    at async createUser (file:///home/dev/workspace/devop-learning/acquisitions/src/services/auth.service.js:26:31)\n    at async signup (file:///home/dev/workspace/devop-learning/acquisitions/src/controllers/auth.controller.js:25:22)"}
{"level":"error","message":"Error hashing the password Error: data and salt arguments required","service":"acquisitions-api"}
{"level":"error","message":"Error creating the user: Error: Error hashing","service":"acquisitions-api"}
{"level":"error","message":"Signup error Error hashing","service":"acquisitions-api","stack":"Error: Error hashing\n    at hashPassword (file:///home/dev/workspace/devop-learning/acquisitions/src/services/auth.service.js:12:15)\n    at process.processTicksAndRejections (node:internal/process/task_queues:105:5)\n    at async createUser (file:///home/dev/workspace/devop-learning/acquisitions/src/services/auth.service.js:27:31)\n    at async signup (file:///home/dev/workspace/devop-learning/acquisitions/src/controllers/auth.controller.js:25:22)"}
{"level":"error","message":"Error creating the user: Error: Failed query: insert into \"users\" (\"id\", \"name\", \"email\", \"password\", \"name\", \"created_at\", \"updated_at\") values (default, $1, $2, default, $3, default, default) returning \"id\", \"name\", \"email\", \"created_at\"\nparams: thesavioureking,contact@thesavioureking.com,admin","service":"acquisitions-api"}
{"cause":{"name":"NeonDbError","sourceError":{}},"level":"error","message":"Signup error Failed query: insert into \"users\" (\"id\", \"name\", \"email\", \"password\", \"name\", \"created_at\", \"updated_at\") values (default, $1, $2, default, $3, default, default) returning \"id\", \"name\", \"email\", \"created_at\"\nparams: thesavioureking,contact@thesavioureking.com,admin","params":["thesavioureking","contact@thesavioureking.com","admin"],"query":"insert into \"users\" (\"id\", \"name\", \"email\", \"password\", \"name\", \"created_at\", \"updated_at\") values (default, $1, $2, default, $3, default, default) returning \"id\", \"name\", \"email\", \"created_at\"","service":"acquisitions-api","stack":"Error: Failed query: insert into \"users\" (\"id\", \"name\", \"email\", \"password\", \"name\", \"created_at\", \"updated_at\") values (default, $1, $2, default, $3, default, default) returning \"id\", \"name\", \"email\", \"created_at\"\nparams: thesavioureking,contact@thesavioureking.com,admin\n    at NeonHttpPreparedQuery.queryWithCache (file:///home/dev/workspace/devop-learning/acquisitions/node_modules/drizzle-orm/pg-core/session.js:41:15)\n    at process.processTicksAndRejections (node:internal/process/task_queues:105:5)\n    at async NeonHttpPreparedQuery.execute (file:///home/dev/workspace/devop-learning/acquisitions/node_modules/drizzle-orm/neon-http/session.js:45:20)\n    at async Object.createUser (file:///home/dev/workspace/devop-learning/acquisitions/src/services/auth.service.js:29:27)\n    at async signup (file:///home/dev/workspace/devop-learning/acquisitions/src/controllers/auth.controller.js:25:22)"}
{"level":"error","message":"Error creating the user: Error: Failed query: insert into \"users\" (\"id\", \"name\", \"email\", \"password\", \"name\", \"created_at\", \"updated_at\") values (default, $1, $2, default, $3, default, default) returning \"id\", \"name\", \"email\", \"created_at\"\nparams: thesavioureking,contact@thesavioureking.com,admin","service":"acquisitions-api"}
{"cause":{"code":"42701","file":"parse_target.c","line":"1081","name":"NeonDbError","position":"57","routine":"checkInsertTargets","severity":"ERROR"},"level":"error","message":"Signup error Failed query: insert into \"users\" (\"id\", \"name\", \"email\", \"password\", \"name\", \"created_at\", \"updated_at\") values (default, $1, $2, default, $3, default, default) returning \"id\", \"name\", \"email\", \"created_at\"\nparams: thesavioureking,contact@thesavioureking.com,admin","params":["thesavioureking","contact@thesavioureking.com","admin"],"query":"insert into \"users\" (\"id\", \"name\", \"email\", \"password\", \"name\", \"created_at\", \"updated_at\") values (default, $1, $2, default, $3, default, default) returning \"id\", \"name\", \"email\", \"created_at\"","service":"acquisitions-api","stack":"Error: Failed query: insert into \"users\" (\"id\", \"name\", \"email\", \"password\", \"name\", \"created_at\", \"updated_at\") values (default, $1, $2, default, $3, default, default) returning \"id\", \"name\", \"email\", \"created_at\"\nparams: thesavioureking,contact@thesavioureking.com,admin\n    at NeonHttpPreparedQuery.queryWithCache (file:///home/dev/workspace/devop-learning/acquisitions/node_modules/drizzle-orm/pg-core/session.js:41:15)\n    at process.processTicksAndRejections (node:internal/process/task_queues:105:5)\n    at async NeonHttpPreparedQuery.execute (file:///home/dev/workspace/devop-learning/acquisitions/node_modules/drizzle-orm/neon-http/session.js:45:20)\n    at async Object.createUser (file:///home/dev/workspace/devop-learning/acquisitions/src/services/auth.service.js:28:27)\n    at async signup (file:///home/dev/workspace/devop-learning/acquisitions/src/controllers/auth.controller.js:25:22)"}
{"level":"error","message":"Error creating the user: Error: Failed query: insert into \"users\" (\"id\", \"name\", \"email\", \"password\", \"name\", \"created_at\", \"updated_at\") values (default, $1, $2, $3, $4, default, default) returning \"id\", \"name\", \"email\", \"created_at\"\nparams: thesavioureking,contact@thesavioureking.com,$2b$10$FC//KJDeCAyOmMpHR0xj.ey6eTfyiLC8a4SmAOTQFcKekllXsAO12,admin","service":"acquisitions-api"}
{"cause":{"name":"NeonDbError","sourceError":{}},"level":"error","message":"Signup error Failed query: insert into \"users\" (\"id\", \"name\", \"email\", \"password\", \"name\", \"created_at\", \"updated_at\") values (default, $1, $2, $3, $4, default, default) returning \"id\", \"name\", \"email\", \"created_at\"\nparams: thesavioureking,contact@thesavioureking.com,$2b$10$FC//KJDeCAyOmMpHR0xj.ey6eTfyiLC8a4SmAOTQFcKekllXsAO12,admin","params":["thesavioureking","contact@thesavioureking.com","$2b$10$FC//KJDeCAyOmMpHR0xj.ey6eTfyiLC8a4SmAOTQFcKekllXsAO12","admin"],"query":"insert into \"users\" (\"id\", \"name\", \"email\", \"password\", \"name\", \"created_at\", \"updated_at\") values (default, $1, $2, $3, $4, default, default) returning \"id\", \"name\", \"email\", \"created_at\"","service":"acquisitions-api","stack":"Error: Failed query: insert into \"users\" (\"id\", \"name\", \"email\", \"password\", \"name\", \"created_at\", \"updated_at\") values (default, $1, $2, $3, $4, default, default) returning \"id\", \"name\", \"email\", \"created_at\"\nparams: thesavioureking,contact@thesavioureking.com,$2b$10$FC//KJDeCAyOmMpHR0xj.ey6eTfyiLC8a4SmAOTQFcKekllXsAO12,admin\n    at NeonHttpPreparedQuery.queryWithCache (file:///home/dev/workspace/devop-learning/acquisitions/node_modules/drizzle-orm/pg-core/session.js:41:15)\n    at process.processTicksAndRejections (node:internal/process/task_queues:105:5)\n    at async NeonHttpPreparedQuery.execute (file:///home/dev/workspace/devop-learning/acquisitions/node_modules/drizzle-orm/neon-http/session.js:45:20)\n    at async Object.createUser (file:///home/dev/workspace/devop-learning/acquisitions/src/services/auth.service.js:28:27)\n    at async signup (file:///home/dev/workspace/devop-learning/acquisitions/src/controllers/auth.controller.js:25:22)"}
{"level":"info","message":"User contact@thesavioureking.com created successfully","service":"acquisitions-api"}
{"level":"info","message":"User registered successfully: contact@thesavioureking.com","service":"acquisitions-api"}
{"level":"info","message":"::1 - - [21/Sep/2025:04:01:40 +0000] \"POST /api/auth/sign-up HTTP/1.1\" 201 269 \"-\" \"yaak\"","service":"acquisitions-api"}
{"level":"info","message":"User admin@thesavioureking.com created successfully","service":"acquisitions-api"}
{"level":"info","message":"User registered successfully: admin@thesavioureking.com","service":"acquisitions-api"}
{"level":"info","message":"::1 - - [21/Sep/2025:04:02:29 +0000] \"POST /api/auth/sign-up HTTP/1.1\" 201 266 \"-\" \"yaak\"","service":"acquisitions-api"}
{"level":"info","message":"User authenticated successfully: admin@thesavioureking.com","service":"acquisitions-api"}
{"level":"info","message":"User signed in successfully: admin@thesavioureking.com","service":"acquisitions-api"}
{"level":"info","message":"::1 - - [21/Sep/2025:04:38:55 +0000] \"POST /api/auth/sign-in HTTP/1.1\" 200 349 \"-\" \"yaak\"","service":"acquisitions-api"}
{"level":"info","message":"User signed out successfully","service":"acquisitions-api"}
{"level":"info","message":"::1 - - [21/Sep/2025:04:39:39 +0000] \"POST /api/auth/sign-out HTTP/1.1\" 200 42 \"-\" \"yaak\"","service":"acquisitions-api"}
{"level":"error","message":"Error authenticating user: Error: Failed query: select \"id\", \"name\", \"email\", \"password\", \"role\", \"created_at\", \"updated_at\" from \"users\" where \"users\".\"email\" = $1 limit $2\nparams: admin@thesavioureking.com,1","service":"acquisitions-api"}
{"cause":{"name":"NeonDbError","sourceError":{}},"level":"error","message":"Signin error Failed query: select \"id\", \"name\", \"email\", \"password\", \"role\", \"created_at\", \"updated_at\" from \"users\" where \"users\".\"email\" = $1 limit $2\nparams: admin@thesavioureking.com,1","params":["admin@thesavioureking.com",1],"query":"select \"id\", \"name\", \"email\", \"password\", \"role\", \"created_at\", \"updated_at\" from \"users\" where \"users\".\"email\" = $1 limit $2","service":"acquisitions-api","stack":"Error: Failed query: select \"id\", \"name\", \"email\", \"password\", \"role\", \"created_at\", \"updated_at\" from \"users\" where \"users\".\"email\" = $1 limit $2\nparams: admin@thesavioureking.com,1\n    at NeonHttpPreparedQuery.queryWithCache (file:///home/dev/workspace/devop-learning/acquisitions/node_modules/drizzle-orm/pg-core/session.js:41:15)\n    at process.processTicksAndRejections (node:internal/process/task_queues:105:5)\n    at async NeonHttpPreparedQuery.execute (file:///home/dev/workspace/devop-learning/acquisitions/node_modules/drizzle-orm/neon-http/session.js:45:20)\n    at async Object.authenticateUser (file:///home/dev/workspace/devop-learning/acquisitions/src/services/auth.service.js:57:32)\n    at async signin (file:///home/dev/workspace/devop-learning/acquisitions/src/controllers/auth.controller.js:60:22)"}
{"level":"info","message":"::1 - - [21/Sep/2025:04:43:23 +0000] \"POST /api/auth/sign-in HTTP/1.1\" 500 33 \"-\" \"yaak\"","service":"acquisitions-api"}
{"level":"error","message":"Error authenticating user: Error: Failed query: select \"id\", \"name\", \"email\", \"password\", \"role\", \"created_at\", \"updated_at\" from \"users\" where \"users\".\"email\" = $1 limit $2\nparams: admin@thesavioureking.com,1","service":"acquisitions-api"}
{"cause":{"name":"NeonDbError","sourceError":{}},"level":"error","message":"Signin error Failed query: select \"id\", \"name\", \"email\", \"password\", \"role\", \"created_at\", \"updated_at\" from \"users\" where \"users\".\"email\" = $1 limit $2\nparams: admin@thesavioureking.com,1","params":["admin@thesavioureking.com",1],"query":"select \"id\", \"name\", \"email\", \"password\", \"role\", \"created_at\", \"updated_at\" from \"users\" where \"users\".\"email\" = $1 limit $2","service":"acquisitions-api","stack":"Error: Failed query: select \"id\", \"name\", \"email\", \"password\", \"role\", \"created_at\", \"updated_at\" from \"users\" where \"users\".\"email\" = $1 limit $2\nparams: admin@thesavioureking.com,1\n    at NeonHttpPreparedQuery.queryWithCache (file:///home/dev/workspace/devop-learning/acquisitions/node_modules/drizzle-orm/pg-core/session.js:41:15)\n    at process.processTicksAndRejections (node:internal/process/task_queues:105:5)\n    at async NeonHttpPreparedQuery.execute (file:///home/dev/workspace/devop-learning/acquisitions/node_modules/drizzle-orm/neon-http/session.js:45:20)\n    at async Object.authenticateUser (file:///home/dev/workspace/devop-learning/acquisitions/src/services/auth.service.js:57:32)\n    at async signin (file:///home/dev/workspace/devop-learning/acquisitions/src/controllers/auth.controller.js:60:22)"}
{"level":"info","message":"::1 - - [21/Sep/2025:04:45:17 +0000] \"POST /api/auth/sign-in HTTP/1.1\" 500 33 \"-\" \"yaak\"","service":"acquisitions-api"}
{"level":"error","message":"Error authenticating user: Error: Invalid credentials","service":"acquisitions-api"}
{"level":"error","message":"Signin error Invalid credentials","service":"acquisitions-api","stack":"Error: Invalid credentials\n    at Object.authenticateUser (file:///home/dev/workspace/devop-learning/acquisitions/src/services/auth.service.js:64:19)\n    at process.processTicksAndRejections (node:internal/process/task_queues:105:5)\n    at async signin (file:///home/dev/workspace/devop-learning/acquisitions/src/controllers/auth.controller.js:60:22)"}
{"level":"info","message":"::1 - - [21/Sep/2025:04:48:47 +0000] \"POST /api/auth/sign-in HTTP/1.1\" 401 37 \"-\" \"yaak\"","service":"acquisitions-api"}
{"level":"info","message":"User authenticated successfully: admin@thesavioureking.com","service":"acquisitions-api"}
{"level":"info","message":"User signed in successfully: admin@thesavioureking.com","service":"acquisitions-api"}
{"level":"info","message":"::1 - - [21/Sep/2025:04:49:03 +0000] \"POST /api/auth/sign-in HTTP/1.1\" 200 349 \"-\" \"yaak\"","service":"acquisitions-api"}
{"level":"info","message":"User kennel@thesavioureking.com created successfully","service":"acquisitions-api"}
{"level":"info","message":"User registered successfully: kennel@thesavioureking.com","service":"acquisitions-api"}
{"level":"info","message":"::1 - - [21/Sep/2025:04:49:23 +0000] \"POST /api/auth/sign-up HTTP/1.1\" 201 268 \"-\" \"yaak\"","service":"acquisitions-api"}
{"level":"info","message":"User signed out successfully","service":"acquisitions-api"}
{"level":"info","message":"::1 - - [21/Sep/2025:04:53:00 +0000] \"POST /api/auth/sign-out HTTP/1.1\" 200 42 \"-\" \"yaak\"","service":"acquisitions-api"}
{"level":"error","message":"Error authenticating user: Error: Failed query: select \"id\", \"name\", \"email\", \"password\", \"role\", \"created_at\", \"updated_at\" from \"users\" where \"users\".\"email\" = $1 limit $2\nparams: admin@thesavioureking.com,1","service":"acquisitions-api"}
{"cause":{"name":"NeonDbError","sourceError":{}},"level":"error","message":"Signin error Failed query: select \"id\", \"name\", \"email\", \"password\", \"role\", \"created_at\", \"updated_at\" from \"users\" where \"users\".\"email\" = $1 limit $2\nparams: admin@thesavioureking.com,1","params":["admin@thesavioureking.com",1],"query":"select \"id\", \"name\", \"email\", \"password\", \"role\", \"created_at\", \"updated_at\" from \"users\" where \"users\".\"email\" = $1 limit $2","service":"acquisitions-api","stack":"Error: Failed query: select \"id\", \"name\", \"email\", \"password\", \"role\", \"created_at\", \"updated_at\" from \"users\" where \"users\".\"email\" = $1 limit $2\nparams: admin@thesavioureking.com,1\n    at NeonHttpPreparedQuery.queryWithCache (file:///home/dev/workspace/devop-learning/acquisitions/node_modules/drizzle-orm/pg-core/session.js:41:15)\n    at process.processTicksAndRejections (node:internal/process/task_queues:105:5)\n    at async NeonHttpPreparedQuery.execute (file:///home/dev/workspace/devop-learning/acquisitions/node_modules/drizzle-orm/neon-http/session.js:45:20)\n    at async Object.authenticateUser (file:///home/dev/workspace/devop-learning/acquisitions/src/services/auth.service.js:57:32)\n    at async signin (file:///home/dev/workspace/devop-learning/acquisitions/src/controllers/auth.controller.js:60:22)"}
{"level":"info","message":"::1 - - [21/Sep/2025:04:53:21 +0000] \"POST /api/auth/sign-in HTTP/1.1\" 500 33 \"-\" \"yaak\"","service":"acquisitions-api"}
{"level":"error","message":"Error authenticating user: ReferenceError: Cannot access 'password' before initialization","service":"acquisitions-api"}
{"level":"error","message":"Signin error Cannot access 'password' before initialization","service":"acquisitions-api","stack":"ReferenceError: Cannot access 'password' before initialization\n    at Object.authenticateUser (file:///home/dev/workspace/devop-learning/acquisitions/src/services/auth.service.js:67:55)\n    at process.processTicksAndRejections (node:internal/process/task_queues:105:5)\n    at async signin (file:///home/dev/workspace/devop-learning/acquisitions/src/controllers/auth.controller.js:60:22)"}
{"level":"info","message":"::1 - - [21/Sep/2025:04:53:27 +0000] \"POST /api/auth/sign-in HTTP/1.1\" 500 33 \"-\" \"yaak\"","service":"acquisitions-api"}
{"level":"error","message":"Error authenticating user: ReferenceError: Cannot access 'password' before initialization","service":"acquisitions-api"}
{"level":"error","message":"Signin error Cannot access 'password' before initialization","service":"acquisitions-api","stack":"ReferenceError: Cannot access 'password' before initialization\n    at Object.authenticateUser (file:///home/dev/workspace/devop-learning/acquisitions/src/services/auth.service.js:67:55)\n    at process.processTicksAndRejections (node:internal/process/task_queues:105:5)\n    at async signin (file:///home/dev/workspace/devop-learning/acquisitions/src/controllers/auth.controller.js:60:22)"}
{"level":"info","message":"::1 - - [21/Sep/2025:04:53:30 +0000] \"POST /api/auth/sign-in HTTP/1.1\" 500 33 \"-\" \"yaak\"","service":"acquisitions-api"}
{"level":"error","message":"Error authenticating user: ReferenceError: Cannot access 'password' before initialization","service":"acquisitions-api"}
{"level":"error","message":"Signin error Cannot access 'password' before initialization","service":"acquisitions-api","stack":"ReferenceError: Cannot access 'password' before initialization\n    at Object.authenticateUser (file:///home/dev/workspace/devop-learning/acquisitions/src/services/auth.service.js:67:55)\n    at process.processTicksAndRejections (node:internal/process/task_queues:105:5)\n    at async signin (file:///home/dev/workspace/devop-learning/acquisitions/src/controllers/auth.controller.js:60:22)"}
{"level":"info","message":"::1 - - [21/Sep/2025:04:53:31 +0000] \"POST /api/auth/sign-in HTTP/1.1\" 500 33 \"-\" \"yaak\"","service":"acquisitions-api"}
{"level":"error","message":"Error authenticating user: ReferenceError: Cannot access 'password' before initialization","service":"acquisitions-api"}
{"level":"error","message":"Signin error Cannot access 'password' before initialization","service":"acquisitions-api","stack":"ReferenceError: Cannot access 'password' before initialization\n    at Object.authenticateUser (file:///home/dev/workspace/devop-learning/acquisitions/src/services/auth.service.js:67:55)\n    at process.processTicksAndRejections (node:internal/process/task_queues:105:5)\n    at async signin (file:///home/dev/workspace/devop-learning/acquisitions/src/controllers/auth.controller.js:60:22)"}
{"level":"info","message":"::1 - - [21/Sep/2025:04:53:33 +0000] \"POST /api/auth/sign-in HTTP/1.1\" 500 33 \"-\" \"yaak\"","service":"acquisitions-api"}
{"level":"error","message":"Error authenticating user: ReferenceError: Cannot access 'password' before initialization","service":"acquisitions-api"}
{"level":"error","message":"Signin error Cannot access 'password' before initialization","service":"acquisitions-api","stack":"ReferenceError: Cannot access 'password' before initialization\n    at Object.authenticateUser (file:///home/dev/workspace/devop-learning/acquisitions/src/services/auth.service.js:67:55)\n    at process.processTicksAndRejections (node:internal/process/task_queues:105:5)\n    at async signin (file:///home/dev/workspace/devop-learning/acquisitions/src/controllers/auth.controller.js:60:22)"}
{"level":"info","message":"::1 - - [21/Sep/2025:04:53:34 +0000] \"POST /api/auth/sign-in HTTP/1.1\" 500 33 \"-\" \"yaak\"","service":"acquisitions-api"}
{"level":"error","message":"Error authenticating user: ReferenceError: Cannot access 'password' before initialization","service":"acquisitions-api"}
{"level":"error","message":"Signin error Cannot access 'password' before initialization","service":"acquisitions-api","stack":"ReferenceError: Cannot access 'password' before initialization\n    at Object.authenticateUser (file:///home/dev/workspace/devop-learning/acquisitions/src/services/auth.service.js:67:55)\n    at process.processTicksAndRejections (node:internal/process/task_queues:105:5)\n    at async signin (file:///home/dev/workspace/devop-learning/acquisitions/src/controllers/auth.controller.js:60:22)"}
{"level":"info","message":"::1 - - [21/Sep/2025:04:54:07 +0000] \"POST /api/auth/sign-in HTTP/1.1\" 500 33 \"-\" \"yaak\"","service":"acquisitions-api"}
{"level":"error","message":"Error authenticating user: ReferenceError: Cannot access 'password' before initialization","service":"acquisitions-api"}
{"level":"error","message":"Signin error Cannot access 'password' before initialization","service":"acquisitions-api","stack":"ReferenceError: Cannot access 'password' before initialization\n    at Object.authenticateUser (file:///home/dev/workspace/devop-learning/acquisitions/src/services/auth.service.js:67:55)\n    at process.processTicksAndRejections (node:internal/process/task_queues:105:5)\n    at async signin (file:///home/dev/workspace/devop-learning/acquisitions/src/controllers/auth.controller.js:60:22)"}
{"level":"info","message":"::1 - - [21/Sep/2025:04:54:21 +0000] \"POST /api/auth/sign-in HTTP/1.1\" 500 33 \"-\" \"yaak\"","service":"acquisitions-api"}
{"level":"info","message":"User authenticated successfully: admin@thesavioureking.com","service":"acquisitions-api"}
{"level":"info","message":"User signed in successfully: admin@thesavioureking.com","service":"acquisitions-api"}
{"level":"info","message":"::1 - - [21/Sep/2025:04:54:41 +0000] \"POST /api/auth/sign-in HTTP/1.1\" 200 349 \"-\" \"yaak\"","service":"acquisitions-api"}
